  144_ms1.c
c:\users\song\desktop\milestone 1\consoleapplication1\144_ms1.c(24): warning C4996: 'scanf': This function or variable may be unsafe. Consider using scanf_s instead. To disable deprecation, use _CRT_SECURE_NO_WARNINGS. See online help for details.
  c:\program files (x86)\windows kits\10\include\10.0.14393.0\ucrt\stdio.h(1269): note: see declaration of 'scanf'
c:\users\song\desktop\milestone 1\consoleapplication1\144_ms1.c(137): warning C4996: 'scanf': This function or variable may be unsafe. Consider using scanf_s instead. To disable deprecation, use _CRT_SECURE_NO_WARNINGS. See online help for details.
  c:\program files (x86)\windows kits\10\include\10.0.14393.0\ucrt\stdio.h(1269): note: see declaration of 'scanf'
c:\users\song\desktop\milestone 1\consoleapplication1\144_ms1.c(141): warning C4996: 'scanf': This function or variable may be unsafe. Consider using scanf_s instead. To disable deprecation, use _CRT_SECURE_NO_WARNINGS. See online help for details.
  c:\program files (x86)\windows kits\10\include\10.0.14393.0\ucrt\stdio.h(1269): note: see declaration of 'scanf'
c:\users\song\desktop\milestone 1\consoleapplication1\144_ms1.c(150): warning C4996: 'scanf': This function or variable may be unsafe. Consider using scanf_s instead. To disable deprecation, use _CRT_SECURE_NO_WARNINGS. See online help for details.
  c:\program files (x86)\windows kits\10\include\10.0.14393.0\ucrt\stdio.h(1269): note: see declaration of 'scanf'
c:\users\song\desktop\milestone 1\consoleapplication1\144_ms1.c(154): warning C4996: 'scanf': This function or variable may be unsafe. Consider using scanf_s instead. To disable deprecation, use _CRT_SECURE_NO_WARNINGS. See online help for details.
  c:\program files (x86)\windows kits\10\include\10.0.14393.0\ucrt\stdio.h(1269): note: see declaration of 'scanf'
c:\users\song\desktop\milestone 1\consoleapplication1\144_ms1.c(162): warning C4996: 'scanf': This function or variable may be unsafe. Consider using scanf_s instead. To disable deprecation, use _CRT_SECURE_NO_WARNINGS. See online help for details.
  c:\program files (x86)\windows kits\10\include\10.0.14393.0\ucrt\stdio.h(1269): note: see declaration of 'scanf'
c:\users\song\desktop\milestone 1\consoleapplication1\144_ms1.c(165): warning C4996: 'scanf': This function or variable may be unsafe. Consider using scanf_s instead. To disable deprecation, use _CRT_SECURE_NO_WARNINGS. See online help for details.
  c:\program files (x86)\windows kits\10\include\10.0.14393.0\ucrt\stdio.h(1269): note: see declaration of 'scanf'
c:\users\song\desktop\milestone 1\consoleapplication1\144_ms1.c(173): warning C4996: 'scanf': This function or variable may be unsafe. Consider using scanf_s instead. To disable deprecation, use _CRT_SECURE_NO_WARNINGS. See online help for details.
  c:\program files (x86)\windows kits\10\include\10.0.14393.0\ucrt\stdio.h(1269): note: see declaration of 'scanf'
c:\users\song\desktop\milestone 1\consoleapplication1\144_ms1.c(176): warning C4996: 'scanf': This function or variable may be unsafe. Consider using scanf_s instead. To disable deprecation, use _CRT_SECURE_NO_WARNINGS. See online help for details.
  c:\program files (x86)\windows kits\10\include\10.0.14393.0\ucrt\stdio.h(1269): note: see declaration of 'scanf'
  ConsoleApplication1.vcxproj -> C:\Users\Song\Desktop\Milestone 1\Debug\ConsoleApplication1.exe
  ConsoleApplication1.vcxproj -> C:\Users\Song\Desktop\Milestone 1\Debug\ConsoleApplication1.pdb (Partial PDB)
